[debug] [2021-08-13T22:30:10.742Z] ----------------------------------------------------------------------
[debug] [2021-08-13T22:30:10.745Z] Command:       C:\Program Files\nodejs\node.exe C:\Users\Admin\AppData\Roaming\npm\node_modules\firebase-tools\lib\bin\firebase.js emulators:start
[debug] [2021-08-13T22:30:10.746Z] CLI Version:   9.14.0
[debug] [2021-08-13T22:30:10.746Z] Platform:      win32
[debug] [2021-08-13T22:30:10.746Z] Node Version:  v14.15.1
[debug] [2021-08-13T22:30:10.747Z] Time:          Sat Aug 14 2021 05:30:10 GMT+0700 (Indochina Time)
[debug] [2021-08-13T22:30:10.747Z] ----------------------------------------------------------------------
[debug] 
[debug] [2021-08-13T22:30:10.751Z] >>> [apiv2][query] GET https://firebase-public.firebaseio.com/cli.json [none]
[debug] [2021-08-13T22:30:10.783Z] > command requires scopes: ["email","openid","https://www.googleapis.com/auth/cloudplatformprojects.readonly","https://www.googleapis.com/auth/firebase","https://www.googleapis.com/auth/cloud-platform"]
[debug] [2021-08-13T22:30:10.783Z] > authorizing via signed-in user (nguyentungbach1992@gmail.com)
[info] i  emulators: Starting emulators: functions, hosting {"metadata":{"emulator":{"name":"hub"},"message":"Starting emulators: functions, hosting"}}
[warn] !  emulators: It seems that you are running multiple instances of the emulator suite for project shopee-demo-c6d2b. This may result in unexpected behavior. 
[debug] [2021-08-13T22:30:10.803Z] [hub] writing locator at C:\Users\Admin\AppData\Local\Temp\hub-shopee-demo-c6d2b.json
[warn] !  functions: The following emulators are not running, calls to these services from the Functions emulator will affect production: auth, firestore, database, pubsub, storage {"metadata":{"emulator":{"name":"functions"},"message":"The following emulators are not running, calls to these services from the Functions emulator will affect production: \u001b[1mauth, firestore, database, pubsub, storage\u001b[22m"}}
[info] +  functions: Using node@14 from host. {"metadata":{"emulator":{"name":"functions"},"message":"Using node@14 from host."}}
[debug] [2021-08-13T22:30:10.862Z] defaultcredentials: writing to file C:\Users\Admin\AppData\Roaming\firebase\nguyentungbach1992_gmail_com_application_default_credentials.json
[debug] [2021-08-13T22:30:10.864Z] Setting GAC to C:\Users\Admin\AppData\Roaming\firebase\nguyentungbach1992_gmail_com_application_default_credentials.json {"metadata":{"emulator":{"name":"functions"},"message":"Setting GAC to C:\\Users\\Admin\\AppData\\Roaming\\firebase\\nguyentungbach1992_gmail_com_application_default_credentials.json"}}
[debug] [2021-08-13T22:30:10.865Z] > refreshing access token with scopes: []
[debug] [2021-08-13T22:30:10.866Z] >>> HTTP REQUEST POST https://www.googleapis.com/oauth2/v3/token  
 <request body omitted>
[debug] [2021-08-13T22:30:11.034Z] <<< HTTP RESPONSE 200 {"expires":"Mon, 01 Jan 1990 00:00:00 GMT","date":"Fri, 13 Aug 2021 22:30:11 GMT","pragma":"no-cache","cache-control":"no-cache, no-store, max-age=0, must-revalidate","content-type":"application/json; charset=utf-8","vary":"X-Origin, Referer, Origin,Accept-Encoding","server":"scaffolding on HTTPServer2","x-xss-protection":"0","x-frame-options":"SAMEORIGIN","x-content-type-options":"nosniff","alt-svc":"h3=\":443\"; ma=2592000,h3-29=\":443\"; ma=2592000,h3-T051=\":443\"; ma=2592000,h3-Q050=\":443\"; ma=2592000,h3-Q046=\":443\"; ma=2592000,h3-Q043=\":443\"; ma=2592000,quic=\":443\"; ma=2592000; v=\"46,43\"","accept-ranges":"none","transfer-encoding":"chunked"}
[debug] [2021-08-13T22:30:11.171Z] >>> [apiv2][query] GET https://firebase.googleapis.com/v1beta1/projects/shopee-demo-c6d2b/adminSdkConfig [none]
[debug] [2021-08-13T22:30:11.568Z] <<< [apiv2][status] GET https://firebase-public.firebaseio.com/cli.json 200
[debug] [2021-08-13T22:30:11.569Z] <<< [apiv2][body] GET https://firebase-public.firebaseio.com/cli.json {"cloudBuildErrorAfter":1594252800000,"cloudBuildWarnAfter":1590019200000,"defaultNode10After":1594252800000,"minVersion":"3.0.5","node8DeploysDisabledAfter":1613390400000,"node8RuntimeDisabledAfter":1615809600000,"node8WarnAfter":1600128000000}
[debug] [2021-08-13T22:30:12.040Z] <<< [apiv2][status] GET https://firebase.googleapis.com/v1beta1/projects/shopee-demo-c6d2b/adminSdkConfig 200
[debug] [2021-08-13T22:30:12.040Z] <<< [apiv2][body] GET https://firebase.googleapis.com/v1beta1/projects/shopee-demo-c6d2b/adminSdkConfig {"projectId":"shopee-demo-c6d2b","storageBucket":"shopee-demo-c6d2b.appspot.com","locationId":"asia-southeast1"}
[debug] [2021-08-13T22:30:12.059Z] >>> [apiv2][query] GET https://firebasehosting.googleapis.com/v1beta1/projects/shopee-demo-c6d2b/sites 
[debug] [2021-08-13T22:30:13.302Z] <<< [apiv2][status] GET https://firebasehosting.googleapis.com/v1beta1/projects/shopee-demo-c6d2b/sites 200
[debug] [2021-08-13T22:30:13.302Z] <<< [apiv2][body] GET https://firebasehosting.googleapis.com/v1beta1/projects/shopee-demo-c6d2b/sites {"sites":[{"name":"projects/889142901917/sites/shopee-demo-c6d2b","defaultUrl":"https://shopee-demo-c6d2b.web.app","type":"DEFAULT_SITE"}]}
[debug] [2021-08-13T22:30:13.303Z] >>> [apiv2][query] GET https://firebase.googleapis.com/v1beta1/projects/shopee-demo-c6d2b/webApps/-/config [none]
[debug] [2021-08-13T22:30:23.438Z] fetchWebSetup error: FirebaseError: Failed to make request to https://firebase.googleapis.com/v1beta1/projects/shopee-demo-c6d2b/webApps/-/config
[warn] !  hosting: Using web app configuration from cache. 
[info] i  hosting: Serving hosting files from: build {"metadata":{"emulator":{"name":"hosting"},"message":"Serving hosting files from: \u001b[1mbuild\u001b[22m"}}
[info] +  hosting: Local server: http://localhost:5000 {"metadata":{"emulator":{"name":"hosting"},"message":"Local server: \u001b[4m\u001b[1mhttp://localhost:5000\u001b[22m\u001b[24m"}}
[debug] [2021-08-13T22:30:23.465Z] Ignoring unsupported arg: auto_download {"metadata":{"emulator":{"name":"ui"},"message":"Ignoring unsupported arg: auto_download"}}
[debug] [2021-08-13T22:30:23.466Z] Ignoring unsupported arg: port {"metadata":{"emulator":{"name":"ui"},"message":"Ignoring unsupported arg: port"}}
[debug] [2021-08-13T22:30:23.466Z] Starting Emulator UI with command {"binary":"node","args":["C:\\Users\\Admin\\.cache\\firebase\\emulators\\ui-v1.5.0\\server.bundle.js"],"optionalArgs":[],"joinArgs":false} {"metadata":{"emulator":{"name":"ui"},"message":"Starting Emulator UI with command {\"binary\":\"node\",\"args\":[\"C:\\\\Users\\\\Admin\\\\.cache\\\\firebase\\\\emulators\\\\ui-v1.5.0\\\\server.bundle.js\"],\"optionalArgs\":[],\"joinArgs\":false}"}}
[info] i  ui: Emulator UI logging to ui-debug.log {"metadata":{"emulator":{"name":"ui"},"message":"Emulator UI logging to \u001b[1mui-debug.log\u001b[22m"}}
[debug] [2021-08-13T22:30:23.586Z] Web / API server started at http://localhost:4000
 {"metadata":{"emulator":{"name":"ui"},"message":"Web / API server started at http://localhost:4000\n"}}
[info] i  functions: Watching "C:\Website\ShopeeReact\shopee-app\functions" for Cloud Functions... {"metadata":{"emulator":{"name":"functions"},"message":"Watching \"C:\\Website\\ShopeeReact\\shopee-app\\functions\" for Cloud Functions..."}}
[debug] [2021-08-13T22:30:23.742Z] [worker-pool] addWorker(~diagnostic~) {"metadata":{"emulator":{"name":"functions"},"message":"[worker-pool] addWorker(~diagnostic~)"}}
[debug] [2021-08-13T22:30:23.743Z] [worker-pool] Adding worker with key ~diagnostic~, total=1 {"metadata":{"emulator":{"name":"functions"},"message":"[worker-pool] Adding worker with key ~diagnostic~, total=1"}}
[debug] [2021-08-13T22:30:23.743Z] [worker-pool] submitWork(triggerId=) {"metadata":{"emulator":{"name":"functions"},"message":"[worker-pool] submitWork(triggerId=)"}}
[debug] [2021-08-13T22:30:23.743Z] [worker-~diagnostic~-41118514-7f4a-4b6f-9798-ac54e20e4b1e]: Assigning socketPath: \\?\pipe\C:\Website\ShopeeReact\shopee-app\functions\6560 {"metadata":{"emulator":{"name":"functions"},"message":"[worker-~diagnostic~-41118514-7f4a-4b6f-9798-ac54e20e4b1e]: Assigning socketPath: \\\\?\\pipe\\C:\\Website\\ShopeeReact\\shopee-app\\functions\\6560"}}
[debug] [2021-08-13T22:30:23.744Z] [worker-~diagnostic~-41118514-7f4a-4b6f-9798-ac54e20e4b1e]: BUSY {"metadata":{"emulator":{"name":"functions"},"message":"[worker-~diagnostic~-41118514-7f4a-4b6f-9798-ac54e20e4b1e]: BUSY"}}
[debug] [2021-08-13T22:30:23.944Z] [runtime-status] [6560] Functions runtime initialized. {"cwd":"C:\\Website\\ShopeeReact\\shopee-app\\functions","node_version":"14.15.1"} {"metadata":{"emulator":{"name":"functions"},"message":"[runtime-status] [6560] Functions runtime initialized. {\"cwd\":\"C:\\\\Website\\\\ShopeeReact\\\\shopee-app\\\\functions\",\"node_version\":\"14.15.1\"}"}}
[debug] [2021-08-13T22:30:23.946Z] [runtime-status] [6560] Disabled runtime features: undefined {"metadata":{"emulator":{"name":"functions"},"message":"[runtime-status] [6560] Disabled runtime features: undefined"}}
[debug] [2021-08-13T22:30:23.950Z] [runtime-status] [6560] Resolved module firebase-admin {"declared":true,"installed":true,"version":"9.10.0","resolution":"C:\\Website\\ShopeeReact\\shopee-app\\functions\\node_modules\\firebase-admin\\lib\\index.js"} {"metadata":{"emulator":{"name":"functions"},"message":"[runtime-status] [6560] Resolved module firebase-admin {\"declared\":true,\"installed\":true,\"version\":\"9.10.0\",\"resolution\":\"C:\\\\Website\\\\ShopeeReact\\\\shopee-app\\\\functions\\\\node_modules\\\\firebase-admin\\\\lib\\\\index.js\"}"}}
[debug] [2021-08-13T22:30:23.953Z] [runtime-status] [6560] Resolved module firebase-functions {"declared":true,"installed":true,"version":"3.14.1","resolution":"C:\\Website\\ShopeeReact\\shopee-app\\functions\\node_modules\\firebase-functions\\lib\\index.js"} {"metadata":{"emulator":{"name":"functions"},"message":"[runtime-status] [6560] Resolved module firebase-functions {\"declared\":true,\"installed\":true,\"version\":\"3.14.1\",\"resolution\":\"C:\\\\Website\\\\ShopeeReact\\\\shopee-app\\\\functions\\\\node_modules\\\\firebase-functions\\\\lib\\\\index.js\"}"}}
[debug] [2021-08-13T22:30:23.954Z] [runtime-status] [6560] Resolved module firebase-functions {"declared":true,"installed":true,"version":"3.14.1","resolution":"C:\\Website\\ShopeeReact\\shopee-app\\functions\\node_modules\\firebase-functions\\lib\\index.js"} {"metadata":{"emulator":{"name":"functions"},"message":"[runtime-status] [6560] Resolved module firebase-functions {\"declared\":true,\"installed\":true,\"version\":\"3.14.1\",\"resolution\":\"C:\\\\Website\\\\ShopeeReact\\\\shopee-app\\\\functions\\\\node_modules\\\\firebase-functions\\\\lib\\\\index.js\"}"}}
[debug] [2021-08-13T22:30:23.956Z] [runtime-status] [6560] Outgoing network have been stubbed. [{"name":"http","status":"mocked"},{"name":"http","status":"mocked"},{"name":"https","status":"mocked"},{"name":"https","status":"mocked"},{"name":"net","status":"mocked"}] {"metadata":{"emulator":{"name":"functions"},"message":"[runtime-status] [6560] Outgoing network have been stubbed. [{\"name\":\"http\",\"status\":\"mocked\"},{\"name\":\"http\",\"status\":\"mocked\"},{\"name\":\"https\",\"status\":\"mocked\"},{\"name\":\"https\",\"status\":\"mocked\"},{\"name\":\"net\",\"status\":\"mocked\"}]"}}
[debug] [2021-08-13T22:30:23.957Z] [runtime-status] [6560] Resolved module firebase-functions {"declared":true,"installed":true,"version":"3.14.1","resolution":"C:\\Website\\ShopeeReact\\shopee-app\\functions\\node_modules\\firebase-functions\\lib\\index.js"} {"metadata":{"emulator":{"name":"functions"},"message":"[runtime-status] [6560] Resolved module firebase-functions {\"declared\":true,\"installed\":true,\"version\":\"3.14.1\",\"resolution\":\"C:\\\\Website\\\\ShopeeReact\\\\shopee-app\\\\functions\\\\node_modules\\\\firebase-functions\\\\lib\\\\index.js\"}"}}
[debug] [2021-08-13T22:30:24.042Z] [runtime-status] [6560] Checked functions.config() {"config":{}} {"metadata":{"emulator":{"name":"functions"},"message":"[runtime-status] [6560] Checked functions.config() {\"config\":{}}"}}
[debug] [2021-08-13T22:30:24.043Z] [runtime-status] [6560] firebase-functions has been stubbed. {"functionsResolution":{"declared":true,"installed":true,"version":"3.14.1","resolution":"C:\\Website\\ShopeeReact\\shopee-app\\functions\\node_modules\\firebase-functions\\lib\\index.js"}} {"metadata":{"emulator":{"name":"functions"},"message":"[runtime-status] [6560] firebase-functions has been stubbed. {\"functionsResolution\":{\"declared\":true,\"installed\":true,\"version\":\"3.14.1\",\"resolution\":\"C:\\\\Website\\\\ShopeeReact\\\\shopee-app\\\\functions\\\\node_modules\\\\firebase-functions\\\\lib\\\\index.js\"}}"}}
[debug] [2021-08-13T22:30:24.043Z] [runtime-status] [6560] Resolved module firebase-functions {"declared":true,"installed":true,"version":"3.14.1","resolution":"C:\\Website\\ShopeeReact\\shopee-app\\functions\\node_modules\\firebase-functions\\lib\\index.js"} {"metadata":{"emulator":{"name":"functions"},"message":"[runtime-status] [6560] Resolved module firebase-functions {\"declared\":true,\"installed\":true,\"version\":\"3.14.1\",\"resolution\":\"C:\\\\Website\\\\ShopeeReact\\\\shopee-app\\\\functions\\\\node_modules\\\\firebase-functions\\\\lib\\\\index.js\"}"}}
[debug] [2021-08-13T22:30:24.043Z] [runtime-status] [6560] Resolved module firebase-admin {"declared":true,"installed":true,"version":"9.10.0","resolution":"C:\\Website\\ShopeeReact\\shopee-app\\functions\\node_modules\\firebase-admin\\lib\\index.js"} {"metadata":{"emulator":{"name":"functions"},"message":"[runtime-status] [6560] Resolved module firebase-admin {\"declared\":true,\"installed\":true,\"version\":\"9.10.0\",\"resolution\":\"C:\\\\Website\\\\ShopeeReact\\\\shopee-app\\\\functions\\\\node_modules\\\\firebase-admin\\\\lib\\\\index.js\"}"}}
[debug] [2021-08-13T22:30:24.043Z] [runtime-status] [6560] Resolved module firebase-functions {"declared":true,"installed":true,"version":"3.14.1","resolution":"C:\\Website\\ShopeeReact\\shopee-app\\functions\\node_modules\\firebase-functions\\lib\\index.js"} {"metadata":{"emulator":{"name":"functions"},"message":"[runtime-status] [6560] Resolved module firebase-functions {\"declared\":true,\"installed\":true,\"version\":\"3.14.1\",\"resolution\":\"C:\\\\Website\\\\ShopeeReact\\\\shopee-app\\\\functions\\\\node_modules\\\\firebase-functions\\\\lib\\\\index.js\"}"}}
[debug] [2021-08-13T22:30:24.043Z] [runtime-status] [6560] firebase-admin has been stubbed. {"adminResolution":{"declared":true,"installed":true,"version":"9.10.0","resolution":"C:\\Website\\ShopeeReact\\shopee-app\\functions\\node_modules\\firebase-admin\\lib\\index.js"}} {"metadata":{"emulator":{"name":"functions"},"message":"[runtime-status] [6560] firebase-admin has been stubbed. {\"adminResolution\":{\"declared\":true,\"installed\":true,\"version\":\"9.10.0\",\"resolution\":\"C:\\\\Website\\\\ShopeeReact\\\\shopee-app\\\\functions\\\\node_modules\\\\firebase-admin\\\\lib\\\\index.js\"}}"}}
[info] +  functions[us-central1-api]: http function initialized (http://localhost:5001/shopee-demo-c6d2b/us-central1/api). {"metadata":{"emulator":{"name":"functions"},"message":"\u001b[1mhttp\u001b[22m function initialized (http://localhost:5001/shopee-demo-c6d2b/us-central1/api)."}}
[info] 
┌─────────────────────────────────────────────────────────────┐
│ ✔  All emulators ready! It is now safe to connect your app. │
│ i  View Emulator UI at http://localhost:4000                │
└─────────────────────────────────────────────────────────────┘

┌───────────┬────────────────┬─────────────────────────────────┐
│ Emulator  │ Host:Port      │ View in Emulator UI             │
├───────────┼────────────────┼─────────────────────────────────┤
│ Functions │ localhost:5001 │ http://localhost:4000/functions │
├───────────┼────────────────┼─────────────────────────────────┤
│ Hosting   │ localhost:5000 │ n/a                             │
└───────────┴────────────────┴─────────────────────────────────┘
  Emulator Hub running at localhost:4400
  Other reserved ports: 4500

Issues? Report them at https://github.com/firebase/firebase-tools/issues and attach the *-debug.log files.
 
[debug] [2021-08-13T22:30:24.346Z] [worker-~diagnostic~-41118514-7f4a-4b6f-9798-ac54e20e4b1e]: IDLE {"metadata":{"emulator":{"name":"functions"},"message":"[worker-~diagnostic~-41118514-7f4a-4b6f-9798-ac54e20e4b1e]: IDLE"}}
[debug] [2021-08-14T00:20:52.017Z] [worker-~diagnostic~-41118514-7f4a-4b6f-9798-ac54e20e4b1e]: exited {"metadata":{"emulator":{"name":"functions"},"message":"[worker-~diagnostic~-41118514-7f4a-4b6f-9798-ac54e20e4b1e]: exited"}}
